d:\sean\uct\2nd year\eee2039 g\assignments\assignment 2\assignment 2\assignment 2\debug\vc120.pdb
d:\sean\uct\2nd year\eee2039 g\assignments\assignment 2\assignment 2\assignment 2\debug\vc120.idb
d:\sean\uct\2nd year\eee2039 g\assignments\assignment 2\assignment 2\assignment 2\debug\main.obj
d:\sean\uct\2nd year\eee2039 g\assignments\assignment 2\assignment 2\assignment 2\debug\stdafx.obj
d:\sean\uct\2nd year\eee2039 g\assignments\assignment 2\assignment 2\debug\assignment 2.ilk
d:\sean\uct\2nd year\eee2039 g\assignments\assignment 2\assignment 2\debug\assignment 2.exe
d:\sean\uct\2nd year\eee2039 g\assignments\assignment 2\assignment 2\debug\assignment 2.pdb
d:\sean\uct\2nd year\eee2039 g\assignments\assignment 2\assignment 2\assignment 2\debug\bgiout.obj
d:\sean\uct\2nd year\eee2039 g\assignments\assignment 2\assignment 2\assignment 2\debug\dibutil.obj
d:\sean\uct\2nd year\eee2039 g\assignments\assignment 2\assignment 2\assignment 2\debug\drawing.obj
d:\sean\uct\2nd year\eee2039 g\assignments\assignment 2\assignment 2\assignment 2\debug\file.obj
d:\sean\uct\2nd year\eee2039 g\assignments\assignment 2\assignment 2\assignment 2\debug\misc.obj
d:\sean\uct\2nd year\eee2039 g\assignments\assignment 2\assignment 2\assignment 2\debug\mouse.obj
d:\sean\uct\2nd year\eee2039 g\assignments\assignment 2\assignment 2\assignment 2\debug\palette.obj
d:\sean\uct\2nd year\eee2039 g\assignments\assignment 2\assignment 2\assignment 2\debug\text.obj
d:\sean\uct\2nd year\eee2039 g\assignments\assignment 2\assignment 2\assignment 2\debug\winbgi.obj
d:\sean\uct\2nd year\eee2039 g\assignments\assignment 2\assignment 2\assignment 2\debug\winthread.obj
d:\sean\uct\2nd year\eee2039 g\assignments\assignment 2\assignment 2\assignment 2\debug\assignment 2.tlog\cl.command.1.tlog
d:\sean\uct\2nd year\eee2039 g\assignments\assignment 2\assignment 2\assignment 2\debug\assignment 2.tlog\cl.read.1.tlog
d:\sean\uct\2nd year\eee2039 g\assignments\assignment 2\assignment 2\assignment 2\debug\assignment 2.tlog\cl.write.1.tlog
d:\sean\uct\2nd year\eee2039 g\assignments\assignment 2\assignment 2\assignment 2\debug\assignment 2.tlog\link.command.1.tlog
d:\sean\uct\2nd year\eee2039 g\assignments\assignment 2\assignment 2\assignment 2\debug\assignment 2.tlog\link.read.1.tlog
d:\sean\uct\2nd year\eee2039 g\assignments\assignment 2\assignment 2\assignment 2\debug\assignment 2.tlog\link.write.1.tlog
